2026-03-08T14:15:23.214Z [console][debug] [vite] hot updated: /src/index.css
2026-03-08T14:16:08.552Z [console][debug] [vite] hot updated: /src/components/prabott/ProductCard.jsx
2026-03-08T14:16:08.553Z [console][debug] [vite] hot updated: /src/index.css
2026-03-08T14:16:08.920Z [console][debug] [vite] hot updated: /src/components/prabott/ProductCard.jsx
2026-03-08T14:16:08.920Z [console][debug] [vite] hot updated: /src/index.css
2026-03-08T14:16:23.336Z [console][debug] __ORCHIDS_NAVIGATE__ http://localhost:5174/category/mirrors-and-d%C3%A9cor
2026-03-08T14:16:44.020Z [console][debug] __ORCHIDS_NAVIGATE__ http://localhost:5174/
2026-03-08T14:17:20.049Z [console][debug] [vite] hot updated: /src/components/prabott/Navigation.jsx
2026-03-08T14:17:20.049Z [console][debug] [vite] hot updated: /src/index.css
2026-03-08T14:17:21.027Z [console][debug] [vite] hot updated: /src/components/prabott/Navigation.jsx
2026-03-08T14:17:21.028Z [console][debug] [vite] hot updated: /src/index.css
2026-03-08T14:17:21.149Z [console][debug] [vite] hot updated: /src/components/prabott/Navigation.jsx
2026-03-08T14:17:21.149Z [console][debug] [vite] hot updated: /src/index.css
2026-03-08T14:18:11.781Z [console][debug] [vite] hot updated: /src/components/prabott/PremiumCategoryApp.jsx
2026-03-08T14:18:11.781Z [console][debug] [vite] hot updated: /src/index.css
2026-03-08T14:18:12.290Z [console][debug] [vite] hot updated: /src/components/prabott/PremiumCategoryApp.jsx
2026-03-08T14:18:12.290Z [console][debug] [vite] hot updated: /src/index.css
2026-03-08T14:18:22.528Z [console][debug] __ORCHIDS_NAVIGATE__ http://localhost:5174/category/furniture
2026-03-08T14:18:28.313Z [console][debug] [vite] hot updated: /src/components/prabott/CategoryPage.jsx
2026-03-08T14:18:28.313Z [console][debug] [vite] hot updated: /src/index.css
2026-03-08T14:41:45.115Z [console][log] [vite] connected.
2026-03-08T14:41:45.146Z [console][warn] %cDownload the React DevTools for a better development experience: https://reactjs.org/link/react-devtools font-weight:bold
2026-03-08T14:41:46.097Z [console][log] __ORCHIDS_NAVIGATE__ http://localhost:5174/category/furniture
2026-03-08T14:41:47.249Z [console][log] __ORCHIDS_NAVIGATE__ http://localhost:5174/
2026-03-08T14:41:48.388Z [console][log] __ORCHIDS_NAVIGATE__ http://localhost:5174/category/furniture
2026-03-08T14:41:48.932Z [console][log] __ORCHIDS_NAVIGATE__ http://localhost:5174/category/outdoor
2026-03-08T14:42:25.443Z [console][log] __ORCHIDS_NAVIGATE__ http://localhost:5174/
2026-03-08T14:44:15.677Z [console][log] __ORCHIDS_VISUALEDIT_CLICK__ {"tagName":"nav","id":null,"className":"flex items-center justify-between gap-5 rounded-[18px] border border-white/70 transition-all duration-[350ms] ease-in-out h-[62px] shadow-[0_2px_24px_rgba(0,0,0,0.06),0_1px_4px_rgba(0,0,0,0.04)]","textContent":"Prabott.FurnitureOutdoorLightingDiningBathroomsMirrors & Décor3","attributes":{"class":"flex items-center justify-between gap-5 rounded-[18px] border border-white/70 transition-all duration-[350ms] ease-in-out h-[62px] shadow-[0_2px_24px_rgba(0,0,0,0.06),0_1px_4px_rgba(0,0,0,0.04)]","aria-label":"Main navigation"},"position":{"x":1061,"y":24},"boundingRect":{"top":14,"left":18,"width":1517,"height":62},"computedStyles":{"display":"flex","position":"static","verticalAlign":"baseline","width":"1517px","height":"62px","boxSizing":"border-box","padding":"0px 32px","paddingRight":"32px","paddingLeft":"32px","fontFamily":"Inter, sans-serif","fontSize":"16px","fontWeight":"400","lineHeight":"24px","textAlign":"start","textDecoration":"none solid rgb(0, 0, 0)","textOverflow":"clip","color":"rgb(0, 0, 0)","backgroundColor":"rgba(255, 255, 255, 0.92)","opacity":"1","border":"1px solid rgba(255, 255, 255, 0.7)","borderTop":"1px solid rgba(255, 255, 255, 0.7)","borderRight":"1px solid rgba(255, 255, 255, 0.7)","borderBottom":"1px solid rgba(255, 255, 255, 0.7)","borderLeft":"1px solid rgba(255, 255, 255, 0.7)","borderWidth":"1px","borderStyle":"solid","borderColor":"rgba(255, 255, 255, 0.7)","borderRadius":"18px","borderTopLeftRadius":"18px","borderTopRightRadius":"18px","borderBottomLeftRadius":"18px","borderBottomRightRadius":"18px","outline":"rgb(0, 0, 0) none 0px","outlineColor":"rgb(0, 0, 0)","boxShadow":"rgba(0, 0, 0, 0) 0px 0px 0px 0px, rgba(0, 0, 0, 0) 0px 0px 0px 0px, rgba(0, 0, 0, 0.06) 0px 2px 24px 0px, rgba(0, 0, 0, 0.04) 0px 1px 4px 0px","backdropFilter":"blur(18px) saturate(1.8)","transformOrigin":"758.5px 31px","perspectiveOrigin":"758.5px 31px","transition":"0.35s cubic-bezier(0.4, 0, 0.2, 1)","transitionProperty":"all","transitionDuration":"0.35s","transitionTimingFunction":"cubic-bezier(0.4, 0, 0.2, 1)","transitionDelay":"0s","animation":"none 0s ease 0s 1 normal none running","animationDuration":"0s","animationTimingFunction":"ease","animationDelay":"0s","animationIterationCount":"1","overflow":"visible","overflowX":"visible","overflowY":"visible","flex":"0 1 auto","flexDirection":"row","flexWrap":"nowrap","flexFlow":"row nowrap","justifyContent":"space-between","alignItems":"center","flexGrow":"0","flexShrink":"1","gap":"20px","rowGap":"20px","columnGap":"20px","grid":"none / none / none / row / auto / auto","gridAutoFlow":"row","placeItems":"center normal","placeContent":"normal space-between","background":"rgba(255, 255, 255, 0.92) none repeat scroll 0% 0% / auto padding-box border-box","backgroundImage":"none","backgroundPosition":"0% 0%","backgroundRepeat":"repeat","backgroundAttachment":"scroll","backgroundOrigin":"padding-box","backgroundClip":"border-box","visibility":"visible","listStyle":"outside none disc","listStyleType":"disc","objectFit":"fill","objectPosition":"50% 50%"},"screenshot":null,"minifiedHtml":"<nav class=\"flex items-center justify-between gap-5 rounded-[18px] border border-white/70 transition-all duration-[350ms] ease-in-out h-[62px] shadow-[0_2px_24px_rgba(0,0,0,0.06),0_1px_4px_rgba(0,0,0,0.04)]\" aria-label=\"Main navigation\" style=\"background: rgba(255, 255, 255, 0.92); backdrop-filter: blur(18px) saturate(180%); padding: 0px 32px;\"><a class=\"text-[1.22rem] font-bold text-[#111] tracking-[-0.035em] no-underline whitespace-nowrap shrink-0 hover:opacity-75 transition-opacity\" href=\"/\">Prabott<span class=\"text-[#bbb]\">.</span></a><ul class=\"hidden min-[961px]:flex items-center gap-1 list-none flex-1 justify-center\"><li><a class=\"nav-link-item relative no-underline text-[0.79rem] tracking-[0.01em] px-2.5 py-1.5 rounded-lg whitespace-nowrap transition-colors text-[#666] font-normal hover:text-[#111] hover:bg-... [truncated]
2026-03-08T14:41:46.096Z [console][debug] __ORCHIDS_NAVIGATE__ http://localhost:5174/category/furniture
2026-03-08T14:41:47.249Z [console][debug] __ORCHIDS_NAVIGATE__ http://localhost:5174/
2026-03-08T14:41:48.386Z [console][debug] __ORCHIDS_NAVIGATE__ http://localhost:5174/category/furniture
2026-03-08T14:41:48.931Z [console][debug] __ORCHIDS_NAVIGATE__ http://localhost:5174/category/outdoor
2026-03-08T14:42:25.443Z [console][debug] __ORCHIDS_NAVIGATE__ http://localhost:5174/
2026-03-08T14:44:15.675Z [console][debug] __ORCHIDS_VISUALEDIT_CLICK__ {"tagName":"nav","id":null,"className":"flex items-center justify-between gap-5 rounded-[18px] border border-white/70 transition-all duration-[350ms] ease-in-out h-[62px] shadow-[0_2px_24px_rgba(0,0,0,0.06),0_1px_4px_rgba(0,0,0,0.04)]","textContent":"Prabott.FurnitureOutdoorLightingDiningBathroomsMirrors & Décor3","attributes":{"class":"flex items-center justify-between gap-5 rounded-[18px] border border-white/70 transition-all duration-[350ms] ease-in-out h-[62px] shadow-[0_2px_24px_rgba(0,0,0,0.06),0_1px_4px_rgba(0,0,0,0.04)]","aria-label":"Main navigation"},"position":{"x":1061,"y":24},"boundingRect":{"top":14,"left":18,"width":1517,"height":62},"computedStyles":{"display":"flex","position":"static","verticalAlign":"baseline","width":"1517px","height":"62px","boxSizing":"border-box","padding":"0px 32px","paddingRight":"32px","paddingLeft":"32px","fontFamily":"Inter, sans-serif","fontSize":"16px","fontWeight":"400","lineHeight":"24px","textAlign":"start","textDecoration":"none solid rgb(0, 0, 0)","textOverflow":"clip","color":"rgb(0, 0, 0)","backgroundColor":"rgba(255, 255, 255, 0.92)","opacity":"1","border":"1px solid rgba(255, 255, 255, 0.7)","borderTop":"1px solid rgba(255, 255, 255, 0.7)","borderRight":"1px solid rgba(255, 255, 255, 0.7)","borderBottom":"1px solid rgba(255, 255, 255, 0.7)","borderLeft":"1px solid rgba(255, 255, 255, 0.7)","borderWidth":"1px","borderStyle":"solid","borderColor":"rgba(255, 255, 255, 0.7)","borderRadius":"18px","borderTopLeftRadius":"18px","borderTopRightRadius":"18px","borderBottomLeftRadius":"18px","borderBottomRightRadius":"18px","outline":"rgb(0, 0, 0) none 0px","outlineColor":"rgb(0, 0, 0)","boxShadow":"rgba(0, 0, 0, 0) 0px 0px 0px 0px, rgba(0, 0, 0, 0) 0px 0px 0px 0px, rgba(0, 0, 0, 0.06) 0px 2px 24px 0px, rgba(0, 0, 0, 0.04) 0px 1px 4px 0px","backdropFilter":"blur(18px) saturate(1.8)","transformOrigin":"758.5px 31px","perspectiveOrigin":"758.5px 31px","transition":"0.35s cubic-bezier(0.4, 0, 0....
